<?xml version="1.0" encoding="UTF-8"?>
<!-- Generated by org.testng.reporters.JUnitReportReporter -->
<testsuite hostname="NRMI-55" name="in.novopay.cbs.apis.createorupdategeneralledger.CreateOrUpdateGeneralLedgerTest" tests="67" failures="0" timestamp="18 Sep 2020 06:52:41 GMT" time="55.690" errors="0">
  <testcase name="createOrUpdateGeneralLedgerTest" time="0.701" classname="in.novopay.cbs.apis.createorupdategeneralledger.CreateOrUpdateGeneralLedgerTest"/>
  <testcase name="createOrUpdateGeneralLedgerTest" time="0.679" classname="in.novopay.cbs.apis.createorupdategeneralledger.CreateOrUpdateGeneralLedgerTest"/>
  <testcase name="createOrUpdateGeneralLedgerTest" time="0.750" classname="in.novopay.cbs.apis.createorupdategeneralledger.CreateOrUpdateGeneralLedgerTest"/>
  <testcase name="createOrUpdateGeneralLedgerTest" time="0.478" classname="in.novopay.cbs.apis.createorupdategeneralledger.CreateOrUpdateGeneralLedgerTest"/>
  <testcase name="createOrUpdateGeneralLedgerTest" time="0.404" classname="in.novopay.cbs.apis.createorupdategeneralledger.CreateOrUpdateGeneralLedgerTest"/>
  <testcase name="createOrUpdateGeneralLedgerTest" time="0.444" classname="in.novopay.cbs.apis.createorupdategeneralledger.CreateOrUpdateGeneralLedgerTest"/>
  <testcase name="createOrUpdateGeneralLedgerTest" time="0.686" classname="in.novopay.cbs.apis.createorupdategeneralledger.CreateOrUpdateGeneralLedgerTest"/>
  <testcase name="createOrUpdateGeneralLedgerTest" time="0.368" classname="in.novopay.cbs.apis.createorupdategeneralledger.CreateOrUpdateGeneralLedgerTest"/>
  <testcase name="createOrUpdateGeneralLedgerTest" time="0.580" classname="in.novopay.cbs.apis.createorupdategeneralledger.CreateOrUpdateGeneralLedgerTest"/>
  <testcase name="createOrUpdateGeneralLedgerTest" time="0.681" classname="in.novopay.cbs.apis.createorupdategeneralledger.CreateOrUpdateGeneralLedgerTest"/>
  <testcase name="createOrUpdateGeneralLedgerTest" time="0.477" classname="in.novopay.cbs.apis.createorupdategeneralledger.CreateOrUpdateGeneralLedgerTest"/>
  <testcase name="createOrUpdateGeneralLedgerTest" time="0.393" classname="in.novopay.cbs.apis.createorupdategeneralledger.CreateOrUpdateGeneralLedgerTest"/>
  <testcase name="createOrUpdateGeneralLedgerTest" time="0.617" classname="in.novopay.cbs.apis.createorupdategeneralledger.CreateOrUpdateGeneralLedgerTest"/>
  <testcase name="createOrUpdateGeneralLedgerTest" time="0.671" classname="in.novopay.cbs.apis.createorupdategeneralledger.CreateOrUpdateGeneralLedgerTest"/>
  <testcase name="createOrUpdateGeneralLedgerTest" time="0.484" classname="in.novopay.cbs.apis.createorupdategeneralledger.CreateOrUpdateGeneralLedgerTest"/>
  <testcase name="createOrUpdateGeneralLedgerTest" time="0.506" classname="in.novopay.cbs.apis.createorupdategeneralledger.CreateOrUpdateGeneralLedgerTest"/>
  <testcase name="createOrUpdateGeneralLedgerTest" time="0.875" classname="in.novopay.cbs.apis.createorupdategeneralledger.CreateOrUpdateGeneralLedgerTest"/>
  <testcase name="createOrUpdateGeneralLedgerTest" time="0.433" classname="in.novopay.cbs.apis.createorupdategeneralledger.CreateOrUpdateGeneralLedgerTest"/>
  <testcase name="createOrUpdateGeneralLedgerTest" time="0.737" classname="in.novopay.cbs.apis.createorupdategeneralledger.CreateOrUpdateGeneralLedgerTest"/>
  <testcase name="createOrUpdateGeneralLedgerTest" time="0.605" classname="in.novopay.cbs.apis.createorupdategeneralledger.CreateOrUpdateGeneralLedgerTest"/>
  <testcase name="createOrUpdateGeneralLedgerTest" time="0.427" classname="in.novopay.cbs.apis.createorupdategeneralledger.CreateOrUpdateGeneralLedgerTest"/>
  <testcase name="createOrUpdateGeneralLedgerTest" time="0.552" classname="in.novopay.cbs.apis.createorupdategeneralledger.CreateOrUpdateGeneralLedgerTest"/>
  <testcase name="createOrUpdateGeneralLedgerTest" time="0.454" classname="in.novopay.cbs.apis.createorupdategeneralledger.CreateOrUpdateGeneralLedgerTest"/>
  <testcase name="createOrUpdateGeneralLedgerTest" time="0.443" classname="in.novopay.cbs.apis.createorupdategeneralledger.CreateOrUpdateGeneralLedgerTest"/>
  <testcase name="createOrUpdateGeneralLedgerTest" time="0.407" classname="in.novopay.cbs.apis.createorupdategeneralledger.CreateOrUpdateGeneralLedgerTest"/>
  <testcase name="createOrUpdateGeneralLedgerTest" time="0.754" classname="in.novopay.cbs.apis.createorupdategeneralledger.CreateOrUpdateGeneralLedgerTest"/>
  <testcase name="createOrUpdateGeneralLedgerTest" time="0.608" classname="in.novopay.cbs.apis.createorupdategeneralledger.CreateOrUpdateGeneralLedgerTest"/>
  <testcase name="createOrUpdateGeneralLedgerTest" time="1.219" classname="in.novopay.cbs.apis.createorupdategeneralledger.CreateOrUpdateGeneralLedgerTest"/>
  <testcase name="createOrUpdateGeneralLedgerTest" time="0.511" classname="in.novopay.cbs.apis.createorupdategeneralledger.CreateOrUpdateGeneralLedgerTest"/>
  <testcase name="createOrUpdateGeneralLedgerTest" time="0.416" classname="in.novopay.cbs.apis.createorupdategeneralledger.CreateOrUpdateGeneralLedgerTest"/>
  <testcase name="createOrUpdateGeneralLedgerTest" time="1.209" classname="in.novopay.cbs.apis.createorupdategeneralledger.CreateOrUpdateGeneralLedgerTest"/>
  <testcase name="createOrUpdateGeneralLedgerTest" time="0.477" classname="in.novopay.cbs.apis.createorupdategeneralledger.CreateOrUpdateGeneralLedgerTest"/>
  <testcase name="createOrUpdateGeneralLedgerTest" time="1.259" classname="in.novopay.cbs.apis.createorupdategeneralledger.CreateOrUpdateGeneralLedgerTest"/>
  <testcase name="createOrUpdateGeneralLedgerTest" time="0.875" classname="in.novopay.cbs.apis.createorupdategeneralledger.CreateOrUpdateGeneralLedgerTest"/>
  <testcase name="createOrUpdateGeneralLedgerTest" time="0.478" classname="in.novopay.cbs.apis.createorupdategeneralledger.CreateOrUpdateGeneralLedgerTest"/>
  <testcase name="createOrUpdateGeneralLedgerTest" time="0.666" classname="in.novopay.cbs.apis.createorupdategeneralledger.CreateOrUpdateGeneralLedgerTest"/>
  <testcase name="createOrUpdateGeneralLedgerTest" time="0.388" classname="in.novopay.cbs.apis.createorupdategeneralledger.CreateOrUpdateGeneralLedgerTest"/>
  <testcase name="createOrUpdateGeneralLedgerTest" time="0.530" classname="in.novopay.cbs.apis.createorupdategeneralledger.CreateOrUpdateGeneralLedgerTest"/>
  <testcase name="createOrUpdateGeneralLedgerTest" time="0.646" classname="in.novopay.cbs.apis.createorupdategeneralledger.CreateOrUpdateGeneralLedgerTest"/>
  <testcase name="createOrUpdateGeneralLedgerTest" time="0.678" classname="in.novopay.cbs.apis.createorupdategeneralledger.CreateOrUpdateGeneralLedgerTest"/>
  <testcase name="createOrUpdateGeneralLedgerTest" time="0.406" classname="in.novopay.cbs.apis.createorupdategeneralledger.CreateOrUpdateGeneralLedgerTest"/>
  <testcase name="createOrUpdateGeneralLedgerTest" time="0.384" classname="in.novopay.cbs.apis.createorupdategeneralledger.CreateOrUpdateGeneralLedgerTest"/>
  <testcase name="createOrUpdateGeneralLedgerTest" time="0.512" classname="in.novopay.cbs.apis.createorupdategeneralledger.CreateOrUpdateGeneralLedgerTest"/>
  <testcase name="createOrUpdateGeneralLedgerTest" time="0.437" classname="in.novopay.cbs.apis.createorupdategeneralledger.CreateOrUpdateGeneralLedgerTest"/>
  <testcase name="createOrUpdateGeneralLedgerTest" time="1.463" classname="in.novopay.cbs.apis.createorupdategeneralledger.CreateOrUpdateGeneralLedgerTest"/>
  <testcase name="createOrUpdateGeneralLedgerTest" time="0.515" classname="in.novopay.cbs.apis.createorupdategeneralledger.CreateOrUpdateGeneralLedgerTest"/>
  <testcase name="createOrUpdateGeneralLedgerTest" time="0.656" classname="in.novopay.cbs.apis.createorupdategeneralledger.CreateOrUpdateGeneralLedgerTest"/>
  <testcase name="createOrUpdateGeneralLedgerTest" time="0.533" classname="in.novopay.cbs.apis.createorupdategeneralledger.CreateOrUpdateGeneralLedgerTest"/>
  <testcase name="createOrUpdateGeneralLedgerTest" time="0.444" classname="in.novopay.cbs.apis.createorupdategeneralledger.CreateOrUpdateGeneralLedgerTest"/>
  <testcase name="createOrUpdateGeneralLedgerTest" time="0.479" classname="in.novopay.cbs.apis.createorupdategeneralledger.CreateOrUpdateGeneralLedgerTest"/>
  <testcase name="createOrUpdateGeneralLedgerTest" time="0.411" classname="in.novopay.cbs.apis.createorupdategeneralledger.CreateOrUpdateGeneralLedgerTest"/>
  <testcase name="createOrUpdateGeneralLedgerTest" time="0.405" classname="in.novopay.cbs.apis.createorupdategeneralledger.CreateOrUpdateGeneralLedgerTest"/>
  <testcase name="createOrUpdateGeneralLedgerTest" time="0.544" classname="in.novopay.cbs.apis.createorupdategeneralledger.CreateOrUpdateGeneralLedgerTest"/>
  <testcase name="createOrUpdateGeneralLedgerTest" time="0.414" classname="in.novopay.cbs.apis.createorupdategeneralledger.CreateOrUpdateGeneralLedgerTest"/>
  <testcase name="createOrUpdateGeneralLedgerTest" time="0.472" classname="in.novopay.cbs.apis.createorupdategeneralledger.CreateOrUpdateGeneralLedgerTest"/>
  <testcase name="createOrUpdateGeneralLedgerTest" time="0.668" classname="in.novopay.cbs.apis.createorupdategeneralledger.CreateOrUpdateGeneralLedgerTest"/>
  <testcase name="createOrUpdateGeneralLedgerTest" time="0.459" classname="in.novopay.cbs.apis.createorupdategeneralledger.CreateOrUpdateGeneralLedgerTest"/>
  <testcase name="createOrUpdateGeneralLedgerTest" time="17.729" classname="in.novopay.cbs.apis.createorupdategeneralledger.CreateOrUpdateGeneralLedgerTest"/>
  <testcase name="createOrUpdateGeneralLedgerTest" time="0.442" classname="in.novopay.cbs.apis.createorupdategeneralledger.CreateOrUpdateGeneralLedgerTest"/>
  <testcase name="createOrUpdateGeneralLedgerTest" time="0.722" classname="in.novopay.cbs.apis.createorupdategeneralledger.CreateOrUpdateGeneralLedgerTest"/>
  <testcase name="createOrUpdateGeneralLedgerTest" time="0.422" classname="in.novopay.cbs.apis.createorupdategeneralledger.CreateOrUpdateGeneralLedgerTest"/>
  <testcase name="createOrUpdateGeneralLedgerTest" time="0.406" classname="in.novopay.cbs.apis.createorupdategeneralledger.CreateOrUpdateGeneralLedgerTest"/>
  <testcase name="createOrUpdateGeneralLedgerTest" time="0.378" classname="in.novopay.cbs.apis.createorupdategeneralledger.CreateOrUpdateGeneralLedgerTest"/>
  <testcase name="createOrUpdateGeneralLedgerTest" time="0.435" classname="in.novopay.cbs.apis.createorupdategeneralledger.CreateOrUpdateGeneralLedgerTest"/>
  <testcase name="createOrUpdateGeneralLedgerTest" time="0.491" classname="in.novopay.cbs.apis.createorupdategeneralledger.CreateOrUpdateGeneralLedgerTest"/>
  <testcase name="createOrUpdateGeneralLedgerTest" time="0.383" classname="in.novopay.cbs.apis.createorupdategeneralledger.CreateOrUpdateGeneralLedgerTest"/>
  <testcase name="createOrUpdateGeneralLedgerTest" time="0.514" classname="in.novopay.cbs.apis.createorupdategeneralledger.CreateOrUpdateGeneralLedgerTest"/>
</testsuite> <!-- in.novopay.cbs.apis.createorupdategeneralledger.CreateOrUpdateGeneralLedgerTest -->
