<?xml version="1.0" encoding="UTF-8"?>
<!-- Generated by org.testng.reporters.JUnitReportReporter -->
<testsuite hostname="NRMI-55" name="in.novopay.cbs.apis.saveactionform.TestWithJSON" tests="2" failures="0" timestamp="30 Sep 2020 10:25:30 GMT" time="3.159" errors="0">
  <testcase name="saveActionFormTest" time="3.076" classname="in.novopay.cbs.apis.saveactionform.TestWithJSON"/>
  <testcase name="saveActionFormTest" time="0.083" classname="in.novopay.cbs.apis.saveactionform.TestWithJSON"/>
</testsuite> <!-- in.novopay.cbs.apis.saveactionform.TestWithJSON -->
