<?xml version="1.0" encoding="UTF-8"?>
<!-- Generated by org.testng.reporters.JUnitReportReporter -->
<testsuite hostname="NRMI-55" name="in.novopay.cbs.utils.EmailUtils" tests="1" failures="0" timestamp="3 Sep 2020 06:40:26 GMT" time="2.807" errors="0">
  <testcase name="emailSummaryReport" time="2.807" classname="in.novopay.cbs.utils.EmailUtils"/>
</testsuite> <!-- in.novopay.cbs.utils.EmailUtils -->
