<?xml version="1.0" encoding="UTF-8"?>
<!-- Generated by org.testng.reporters.JUnitReportReporter -->
<testsuite hostname="NRMI-55" name="in.novopay.cbs.apis.getBulkCodeMasterTest.GetBulkCodeMaster_Positive" tests="4" failures="0" timestamp="18 Sep 2020 06:52:41 GMT" time="1.303" errors="0">
  <testcase name="getBulkCodeMasterTest" time="0.300" classname="in.novopay.cbs.apis.getBulkCodeMasterTest.GetBulkCodeMaster_Positive"/>
  <testcase name="getBulkCodeMasterTest" time="0.362" classname="in.novopay.cbs.apis.getBulkCodeMasterTest.GetBulkCodeMaster_Positive"/>
  <testcase name="getBulkCodeMasterTest" time="0.341" classname="in.novopay.cbs.apis.getBulkCodeMasterTest.GetBulkCodeMaster_Positive"/>
  <testcase name="getBulkCodeMasterTest" time="0.300" classname="in.novopay.cbs.apis.getBulkCodeMasterTest.GetBulkCodeMaster_Positive"/>
</testsuite> <!-- in.novopay.cbs.apis.getBulkCodeMasterTest.GetBulkCodeMaster_Positive -->
