<?xml version="1.0" encoding="UTF-8"?>
<!-- Generated by org.testng.reporters.JUnitReportReporter -->
<testsuite hostname="NRMI-55" name="in.novopay.cbs.apis.getBranchGeoListTest.GetGeoBranchList_Positive" tests="4" failures="0" timestamp="18 Sep 2020 06:52:41 GMT" time="1.313" errors="0">
  <testcase name="getBranchListTest" time="0.344" classname="in.novopay.cbs.apis.getBranchGeoListTest.GetGeoBranchList_Positive"/>
  <testcase name="getBranchListTest" time="0.302" classname="in.novopay.cbs.apis.getBranchGeoListTest.GetGeoBranchList_Positive"/>
  <testcase name="getBranchListTest" time="0.322" classname="in.novopay.cbs.apis.getBranchGeoListTest.GetGeoBranchList_Positive"/>
  <testcase name="getBranchListTest" time="0.345" classname="in.novopay.cbs.apis.getBranchGeoListTest.GetGeoBranchList_Positive"/>
</testsuite> <!-- in.novopay.cbs.apis.getBranchGeoListTest.GetGeoBranchList_Positive -->
