<?xml version="1.0" encoding="UTF-8"?>
<!-- Generated by org.testng.reporters.JUnitReportReporter -->
<testsuite hostname="NRMI-55" name="in.novopay.cbs.apis.getformmetadata.GetFormMetaDataTest" tests="2" failures="0" timestamp="1 Oct 2020 08:55:08 GMT" time="2.855" errors="0">
  <testcase name="getFormMetaDataTest" time="0.062" classname="in.novopay.cbs.apis.getformmetadata.GetFormMetaDataTest"/>
  <testcase name="getFormMetaDataTest" time="2.793" classname="in.novopay.cbs.apis.getformmetadata.GetFormMetaDataTest"/>
</testsuite> <!-- in.novopay.cbs.apis.getformmetadata.GetFormMetaDataTest -->
