<?xml version="1.0" encoding="UTF-8"?>
<!-- Generated by org.testng.reporters.JUnitReportReporter -->
<testsuite hostname="NRMI-55" name="in.novopay.cbs.apis.createOrUpdateConfigurationTest.CreateOrUpdateConfiguration_Positive" tests="1" failures="1" timestamp="18 Sep 2020 06:52:41 GMT" time="0.263" errors="0">
  <testcase name="createOrUpdateConfigurationTest" time="0.263" classname="in.novopay.cbs.apis.createOrUpdateConfigurationTest.CreateOrUpdateConfiguration_Positive">
    <failure type="java.lang.NullPointerException">
      <![CDATA[java.lang.NullPointerException
	at in.novopay.cbs.utils.DBUtils.returnConfigurationId(DBUtils.java:372)
	at in.novopay.cbs.apis.masterDataMicroservice.createOrUpdateConfiguration.CreateOrUpdateConfiguration.getRequestBody(CreateOrUpdateConfiguration.java:18)
	at in.novopay.cbs.apis.createOrUpdateConfigurationTest.CreateOrUpdateConfiguration_Positive.createOrUpdateConfigurationTest(CreateOrUpdateConfiguration_Positive.java:40)
	at sun.reflect.NativeMethodAccessorImpl.invoke0(Native Method)
	at sun.reflect.NativeMethodAccessorImpl.invoke(NativeMethodAccessorImpl.java:62)
	at sun.reflect.DelegatingMethodAccessorImpl.invoke(DelegatingMethodAccessorImpl.java:43)
	at java.lang.reflect.Method.invoke(Method.java:498)
	at org.testng.internal.MethodInvocationHelper.invokeMethod(MethodInvocationHelper.java:84)
	at org.testng.internal.Invoker.invokeMethod(Invoker.java:714)
	at org.testng.internal.Invoker.invokeTestMethod(Invoker.java:901)
	at org.testng.internal.Invoker.invokeTestMethods(Invoker.java:1231)
	at org.testng.internal.TestMethodWorker.invokeTestMethods(TestMethodWorker.java:127)
	at org.testng.internal.TestMethodWorker.run(TestMethodWorker.java:111)
	at org.testng.TestRunner.privateRun(TestRunner.java:767)
	at org.testng.TestRunner.run(TestRunner.java:617)
	at org.testng.SuiteRunner.runTest(SuiteRunner.java:348)
	at org.testng.SuiteRunner.runSequentially(SuiteRunner.java:343)
	at org.testng.SuiteRunner.privateRun(SuiteRunner.java:305)
	at org.testng.SuiteRunner.run(SuiteRunner.java:254)
	at org.testng.SuiteRunnerWorker.runSuite(SuiteRunnerWorker.java:52)
	at org.testng.SuiteRunnerWorker.run(SuiteRunnerWorker.java:86)
	at org.testng.TestNG.runSuitesSequentially(TestNG.java:1224)
	at org.testng.TestNG.runSuitesLocally(TestNG.java:1149)
	at org.testng.TestNG.run(TestNG.java:1057)
	at org.testng.remote.AbstractRemoteTestNG.run(AbstractRemoteTestNG.java:115)
	at org.testng.remote.RemoteTestNG.initAndRun(RemoteTestNG.java:251)
	at org.testng.remote.RemoteTestNG.main(RemoteTestNG.java:77)
]]>
    </failure>
  </testcase> <!-- createOrUpdateConfigurationTest -->
</testsuite> <!-- in.novopay.cbs.apis.createOrUpdateConfigurationTest.CreateOrUpdateConfiguration_Positive -->
