<?xml version="1.0" encoding="UTF-8"?>
<!-- Generated by org.testng.reporters.JUnitReportReporter -->
<testsuite hostname="NRMI-55" name="in.novopay.cbs.apis.createorupdateinternalaccountdefinition.CreateOrUpdateInternalAccountDefinitionTest" tests="40" failures="0" timestamp="18 Sep 2020 06:52:41 GMT" time="20.194" errors="0">
  <testcase name="createOrUpdateInternalAccountDefinitionTest" time="0.397" classname="in.novopay.cbs.apis.createorupdateinternalaccountdefinition.CreateOrUpdateInternalAccountDefinitionTest"/>
  <testcase name="createOrUpdateInternalAccountDefinitionTest" time="0.426" classname="in.novopay.cbs.apis.createorupdateinternalaccountdefinition.CreateOrUpdateInternalAccountDefinitionTest"/>
  <testcase name="createOrUpdateInternalAccountDefinitionTest" time="0.372" classname="in.novopay.cbs.apis.createorupdateinternalaccountdefinition.CreateOrUpdateInternalAccountDefinitionTest"/>
  <testcase name="createOrUpdateInternalAccountDefinitionTest" time="1.657" classname="in.novopay.cbs.apis.createorupdateinternalaccountdefinition.CreateOrUpdateInternalAccountDefinitionTest"/>
  <testcase name="createOrUpdateInternalAccountDefinitionTest" time="0.370" classname="in.novopay.cbs.apis.createorupdateinternalaccountdefinition.CreateOrUpdateInternalAccountDefinitionTest"/>
  <testcase name="createOrUpdateInternalAccountDefinitionTest" time="0.362" classname="in.novopay.cbs.apis.createorupdateinternalaccountdefinition.CreateOrUpdateInternalAccountDefinitionTest"/>
  <testcase name="createOrUpdateInternalAccountDefinitionTest" time="0.510" classname="in.novopay.cbs.apis.createorupdateinternalaccountdefinition.CreateOrUpdateInternalAccountDefinitionTest"/>
  <testcase name="createOrUpdateInternalAccountDefinitionTest" time="0.353" classname="in.novopay.cbs.apis.createorupdateinternalaccountdefinition.CreateOrUpdateInternalAccountDefinitionTest"/>
  <testcase name="createOrUpdateInternalAccountDefinitionTest" time="0.367" classname="in.novopay.cbs.apis.createorupdateinternalaccountdefinition.CreateOrUpdateInternalAccountDefinitionTest"/>
  <testcase name="createOrUpdateInternalAccountDefinitionTest" time="0.728" classname="in.novopay.cbs.apis.createorupdateinternalaccountdefinition.CreateOrUpdateInternalAccountDefinitionTest"/>
  <testcase name="createOrUpdateInternalAccountDefinitionTest" time="0.410" classname="in.novopay.cbs.apis.createorupdateinternalaccountdefinition.CreateOrUpdateInternalAccountDefinitionTest"/>
  <testcase name="createOrUpdateInternalAccountDefinitionTest" time="0.346" classname="in.novopay.cbs.apis.createorupdateinternalaccountdefinition.CreateOrUpdateInternalAccountDefinitionTest"/>
  <testcase name="createOrUpdateInternalAccountDefinitionTest" time="0.360" classname="in.novopay.cbs.apis.createorupdateinternalaccountdefinition.CreateOrUpdateInternalAccountDefinitionTest"/>
  <testcase name="createOrUpdateInternalAccountDefinitionTest" time="0.329" classname="in.novopay.cbs.apis.createorupdateinternalaccountdefinition.CreateOrUpdateInternalAccountDefinitionTest"/>
  <testcase name="createOrUpdateInternalAccountDefinitionTest" time="0.439" classname="in.novopay.cbs.apis.createorupdateinternalaccountdefinition.CreateOrUpdateInternalAccountDefinitionTest"/>
  <testcase name="createOrUpdateInternalAccountDefinitionTest" time="0.854" classname="in.novopay.cbs.apis.createorupdateinternalaccountdefinition.CreateOrUpdateInternalAccountDefinitionTest"/>
  <testcase name="createOrUpdateInternalAccountDefinitionTest" time="0.415" classname="in.novopay.cbs.apis.createorupdateinternalaccountdefinition.CreateOrUpdateInternalAccountDefinitionTest"/>
  <testcase name="createOrUpdateInternalAccountDefinitionTest" time="0.361" classname="in.novopay.cbs.apis.createorupdateinternalaccountdefinition.CreateOrUpdateInternalAccountDefinitionTest"/>
  <testcase name="createOrUpdateInternalAccountDefinitionTest" time="0.420" classname="in.novopay.cbs.apis.createorupdateinternalaccountdefinition.CreateOrUpdateInternalAccountDefinitionTest"/>
  <testcase name="createOrUpdateInternalAccountDefinitionTest" time="0.372" classname="in.novopay.cbs.apis.createorupdateinternalaccountdefinition.CreateOrUpdateInternalAccountDefinitionTest"/>
  <testcase name="createOrUpdateInternalAccountDefinitionTest" time="0.451" classname="in.novopay.cbs.apis.createorupdateinternalaccountdefinition.CreateOrUpdateInternalAccountDefinitionTest"/>
  <testcase name="createOrUpdateInternalAccountDefinitionTest" time="0.356" classname="in.novopay.cbs.apis.createorupdateinternalaccountdefinition.CreateOrUpdateInternalAccountDefinitionTest"/>
  <testcase name="createOrUpdateInternalAccountDefinitionTest" time="1.730" classname="in.novopay.cbs.apis.createorupdateinternalaccountdefinition.CreateOrUpdateInternalAccountDefinitionTest"/>
  <testcase name="createOrUpdateInternalAccountDefinitionTest" time="0.357" classname="in.novopay.cbs.apis.createorupdateinternalaccountdefinition.CreateOrUpdateInternalAccountDefinitionTest"/>
  <testcase name="createOrUpdateInternalAccountDefinitionTest" time="0.448" classname="in.novopay.cbs.apis.createorupdateinternalaccountdefinition.CreateOrUpdateInternalAccountDefinitionTest"/>
  <testcase name="createOrUpdateInternalAccountDefinitionTest" time="0.386" classname="in.novopay.cbs.apis.createorupdateinternalaccountdefinition.CreateOrUpdateInternalAccountDefinitionTest"/>
  <testcase name="createOrUpdateInternalAccountDefinitionTest" time="0.367" classname="in.novopay.cbs.apis.createorupdateinternalaccountdefinition.CreateOrUpdateInternalAccountDefinitionTest"/>
  <testcase name="createOrUpdateInternalAccountDefinitionTest" time="0.893" classname="in.novopay.cbs.apis.createorupdateinternalaccountdefinition.CreateOrUpdateInternalAccountDefinitionTest"/>
  <testcase name="createOrUpdateInternalAccountDefinitionTest" time="0.413" classname="in.novopay.cbs.apis.createorupdateinternalaccountdefinition.CreateOrUpdateInternalAccountDefinitionTest"/>
  <testcase name="createOrUpdateInternalAccountDefinitionTest" time="0.343" classname="in.novopay.cbs.apis.createorupdateinternalaccountdefinition.CreateOrUpdateInternalAccountDefinitionTest"/>
  <testcase name="createOrUpdateInternalAccountDefinitionTest" time="0.370" classname="in.novopay.cbs.apis.createorupdateinternalaccountdefinition.CreateOrUpdateInternalAccountDefinitionTest"/>
  <testcase name="createOrUpdateInternalAccountDefinitionTest" time="0.402" classname="in.novopay.cbs.apis.createorupdateinternalaccountdefinition.CreateOrUpdateInternalAccountDefinitionTest"/>
  <testcase name="createOrUpdateInternalAccountDefinitionTest" time="0.337" classname="in.novopay.cbs.apis.createorupdateinternalaccountdefinition.CreateOrUpdateInternalAccountDefinitionTest"/>
  <testcase name="createOrUpdateInternalAccountDefinitionTest" time="0.395" classname="in.novopay.cbs.apis.createorupdateinternalaccountdefinition.CreateOrUpdateInternalAccountDefinitionTest"/>
  <testcase name="createOrUpdateInternalAccountDefinitionTest" time="0.383" classname="in.novopay.cbs.apis.createorupdateinternalaccountdefinition.CreateOrUpdateInternalAccountDefinitionTest"/>
  <testcase name="createOrUpdateInternalAccountDefinitionTest" time="0.334" classname="in.novopay.cbs.apis.createorupdateinternalaccountdefinition.CreateOrUpdateInternalAccountDefinitionTest"/>
  <testcase name="createOrUpdateInternalAccountDefinitionTest" time="0.730" classname="in.novopay.cbs.apis.createorupdateinternalaccountdefinition.CreateOrUpdateInternalAccountDefinitionTest"/>
  <testcase name="createOrUpdateInternalAccountDefinitionTest" time="0.363" classname="in.novopay.cbs.apis.createorupdateinternalaccountdefinition.CreateOrUpdateInternalAccountDefinitionTest"/>
  <testcase name="createOrUpdateInternalAccountDefinitionTest" time="0.656" classname="in.novopay.cbs.apis.createorupdateinternalaccountdefinition.CreateOrUpdateInternalAccountDefinitionTest"/>
  <testcase name="createOrUpdateInternalAccountDefinitionTest" time="0.632" classname="in.novopay.cbs.apis.createorupdateinternalaccountdefinition.CreateOrUpdateInternalAccountDefinitionTest"/>
</testsuite> <!-- in.novopay.cbs.apis.createorupdateinternalaccountdefinition.CreateOrUpdateInternalAccountDefinitionTest -->
