<?xml version="1.0" encoding="UTF-8"?>
<!-- Generated by org.testng.reporters.JUnitReportReporter -->
<testsuite hostname="NRMI-55" name="in.novopay.cbs.apis.getBulkBranchDetailsTest.GetBulkBranchDetails_Positive" tests="2" failures="0" timestamp="18 Sep 2020 06:52:41 GMT" time="0.691" errors="0">
  <testcase name="getBulkBranchDetailsTest" time="0.367" classname="in.novopay.cbs.apis.getBulkBranchDetailsTest.GetBulkBranchDetails_Positive"/>
  <testcase name="getBulkBranchDetailsTest" time="0.324" classname="in.novopay.cbs.apis.getBulkBranchDetailsTest.GetBulkBranchDetails_Positive"/>
</testsuite> <!-- in.novopay.cbs.apis.getBulkBranchDetailsTest.GetBulkBranchDetails_Positive -->
