<?xml version="1.0" encoding="UTF-8"?>
<!-- Generated by org.testng.reporters.JUnitReportReporter -->
<testsuite hostname="NRMI-55" name="in.novopay.cbs.apis.sendEmailTest.SendEmail_Positive" tests="2" failures="0" timestamp="18 Sep 2020 06:52:41 GMT" time="0.752" errors="0">
  <testcase name="sendEmailTest" time="0.343" classname="in.novopay.cbs.apis.sendEmailTest.SendEmail_Positive"/>
  <testcase name="sendEmailTest" time="0.409" classname="in.novopay.cbs.apis.sendEmailTest.SendEmail_Positive"/>
</testsuite> <!-- in.novopay.cbs.apis.sendEmailTest.SendEmail_Positive -->
