<?xml version="1.0" encoding="UTF-8"?>
<!-- Generated by org.testng.reporters.JUnitReportReporter -->
<testsuite hostname="NRMI-55" name="in.novopay.cbs.apis.getinternalaccountdefinitionlist.GetInternalAccountDefinitionListTest" tests="22" failures="0" timestamp="18 Sep 2020 06:52:41 GMT" time="9.689" errors="0">
  <testcase name="getInternalAccountDefinitionListTest" time="0.476" classname="in.novopay.cbs.apis.getinternalaccountdefinitionlist.GetInternalAccountDefinitionListTest"/>
  <testcase name="getInternalAccountDefinitionListTest" time="0.457" classname="in.novopay.cbs.apis.getinternalaccountdefinitionlist.GetInternalAccountDefinitionListTest"/>
  <testcase name="getInternalAccountDefinitionListTest" time="0.416" classname="in.novopay.cbs.apis.getinternalaccountdefinitionlist.GetInternalAccountDefinitionListTest"/>
  <testcase name="getInternalAccountDefinitionListTest" time="0.446" classname="in.novopay.cbs.apis.getinternalaccountdefinitionlist.GetInternalAccountDefinitionListTest"/>
  <testcase name="getInternalAccountDefinitionListTest" time="0.557" classname="in.novopay.cbs.apis.getinternalaccountdefinitionlist.GetInternalAccountDefinitionListTest"/>
  <testcase name="getInternalAccountDefinitionListTest" time="0.398" classname="in.novopay.cbs.apis.getinternalaccountdefinitionlist.GetInternalAccountDefinitionListTest"/>
  <testcase name="getInternalAccountDefinitionListTest" time="0.404" classname="in.novopay.cbs.apis.getinternalaccountdefinitionlist.GetInternalAccountDefinitionListTest"/>
  <testcase name="getInternalAccountDefinitionListTest" time="0.532" classname="in.novopay.cbs.apis.getinternalaccountdefinitionlist.GetInternalAccountDefinitionListTest"/>
  <testcase name="getInternalAccountDefinitionListTest" time="0.418" classname="in.novopay.cbs.apis.getinternalaccountdefinitionlist.GetInternalAccountDefinitionListTest"/>
  <testcase name="getInternalAccountDefinitionListTest" time="0.440" classname="in.novopay.cbs.apis.getinternalaccountdefinitionlist.GetInternalAccountDefinitionListTest"/>
  <testcase name="getInternalAccountDefinitionListTest" time="0.448" classname="in.novopay.cbs.apis.getinternalaccountdefinitionlist.GetInternalAccountDefinitionListTest"/>
  <testcase name="getInternalAccountDefinitionListTest" time="0.405" classname="in.novopay.cbs.apis.getinternalaccountdefinitionlist.GetInternalAccountDefinitionListTest"/>
  <testcase name="getInternalAccountDefinitionListTest" time="0.379" classname="in.novopay.cbs.apis.getinternalaccountdefinitionlist.GetInternalAccountDefinitionListTest"/>
  <testcase name="getInternalAccountDefinitionListTest" time="0.402" classname="in.novopay.cbs.apis.getinternalaccountdefinitionlist.GetInternalAccountDefinitionListTest"/>
  <testcase name="getInternalAccountDefinitionListTest" time="0.510" classname="in.novopay.cbs.apis.getinternalaccountdefinitionlist.GetInternalAccountDefinitionListTest"/>
  <testcase name="getInternalAccountDefinitionListTest" time="0.505" classname="in.novopay.cbs.apis.getinternalaccountdefinitionlist.GetInternalAccountDefinitionListTest"/>
  <testcase name="getInternalAccountDefinitionListTest" time="0.379" classname="in.novopay.cbs.apis.getinternalaccountdefinitionlist.GetInternalAccountDefinitionListTest"/>
  <testcase name="getInternalAccountDefinitionListTest" time="0.407" classname="in.novopay.cbs.apis.getinternalaccountdefinitionlist.GetInternalAccountDefinitionListTest"/>
  <testcase name="getInternalAccountDefinitionListTest" time="0.370" classname="in.novopay.cbs.apis.getinternalaccountdefinitionlist.GetInternalAccountDefinitionListTest"/>
  <testcase name="getInternalAccountDefinitionListTest" time="0.417" classname="in.novopay.cbs.apis.getinternalaccountdefinitionlist.GetInternalAccountDefinitionListTest"/>
  <testcase name="getInternalAccountDefinitionListTest" time="0.394" classname="in.novopay.cbs.apis.getinternalaccountdefinitionlist.GetInternalAccountDefinitionListTest"/>
  <testcase name="getInternalAccountDefinitionListTest" time="0.529" classname="in.novopay.cbs.apis.getinternalaccountdefinitionlist.GetInternalAccountDefinitionListTest"/>
</testsuite> <!-- in.novopay.cbs.apis.getinternalaccountdefinitionlist.GetInternalAccountDefinitionListTest -->
