<?xml version="1.0" encoding="UTF-8"?>
<!-- Generated by org.testng.reporters.JUnitReportReporter -->
<testsuite hostname="NRMI-55" name="in.novopay.cbs.apis.gettaxgrouplist.GetTaxGroupListTest" tests="20" failures="0" timestamp="18 Sep 2020 06:52:41 GMT" time="6.492" errors="0">
  <testcase name="getTaxGroupListTest" time="0.310" classname="in.novopay.cbs.apis.gettaxgrouplist.GetTaxGroupListTest"/>
  <testcase name="getTaxGroupListTest" time="0.318" classname="in.novopay.cbs.apis.gettaxgrouplist.GetTaxGroupListTest"/>
  <testcase name="getTaxGroupListTest" time="0.321" classname="in.novopay.cbs.apis.gettaxgrouplist.GetTaxGroupListTest"/>
  <testcase name="getTaxGroupListTest" time="0.312" classname="in.novopay.cbs.apis.gettaxgrouplist.GetTaxGroupListTest"/>
  <testcase name="getTaxGroupListTest" time="0.369" classname="in.novopay.cbs.apis.gettaxgrouplist.GetTaxGroupListTest"/>
  <testcase name="getTaxGroupListTest" time="0.326" classname="in.novopay.cbs.apis.gettaxgrouplist.GetTaxGroupListTest"/>
  <testcase name="getTaxGroupListTest" time="0.336" classname="in.novopay.cbs.apis.gettaxgrouplist.GetTaxGroupListTest"/>
  <testcase name="getTaxGroupListTest" time="0.343" classname="in.novopay.cbs.apis.gettaxgrouplist.GetTaxGroupListTest"/>
  <testcase name="getTaxGroupListTest" time="0.336" classname="in.novopay.cbs.apis.gettaxgrouplist.GetTaxGroupListTest"/>
  <testcase name="getTaxGroupListTest" time="0.321" classname="in.novopay.cbs.apis.gettaxgrouplist.GetTaxGroupListTest"/>
  <testcase name="getTaxGroupListTest" time="0.271" classname="in.novopay.cbs.apis.gettaxgrouplist.GetTaxGroupListTest"/>
  <testcase name="getTaxGroupListTest" time="0.275" classname="in.novopay.cbs.apis.gettaxgrouplist.GetTaxGroupListTest"/>
  <testcase name="getTaxGroupListTest" time="0.355" classname="in.novopay.cbs.apis.gettaxgrouplist.GetTaxGroupListTest"/>
  <testcase name="getTaxGroupListTest" time="0.322" classname="in.novopay.cbs.apis.gettaxgrouplist.GetTaxGroupListTest"/>
  <testcase name="getTaxGroupListTest" time="0.333" classname="in.novopay.cbs.apis.gettaxgrouplist.GetTaxGroupListTest"/>
  <testcase name="getTaxGroupListTest" time="0.321" classname="in.novopay.cbs.apis.gettaxgrouplist.GetTaxGroupListTest"/>
  <testcase name="getTaxGroupListTest" time="0.326" classname="in.novopay.cbs.apis.gettaxgrouplist.GetTaxGroupListTest"/>
  <testcase name="getTaxGroupListTest" time="0.319" classname="in.novopay.cbs.apis.gettaxgrouplist.GetTaxGroupListTest"/>
  <testcase name="getTaxGroupListTest" time="0.327" classname="in.novopay.cbs.apis.gettaxgrouplist.GetTaxGroupListTest"/>
  <testcase name="getTaxGroupListTest" time="0.351" classname="in.novopay.cbs.apis.gettaxgrouplist.GetTaxGroupListTest"/>
</testsuite> <!-- in.novopay.cbs.apis.gettaxgrouplist.GetTaxGroupListTest -->
