<?xml version="1.0" encoding="UTF-8"?>
<!-- Generated by org.testng.reporters.JUnitReportReporter -->
<testsuite hostname="NRMI-55" name="in.novopay.cbs.apis.getDatatypeMasterTest.GetdatatypeMaster_Positive" tests="3" failures="0" timestamp="18 Sep 2020 06:52:41 GMT" time="0.968" errors="0">
  <testcase name="getDataTypeMasterTest" time="0.295" classname="in.novopay.cbs.apis.getDatatypeMasterTest.GetdatatypeMaster_Positive"/>
  <testcase name="getDataTypeMasterTest" time="0.340" classname="in.novopay.cbs.apis.getDatatypeMasterTest.GetdatatypeMaster_Positive"/>
  <testcase name="getDataTypeMasterTest" time="0.333" classname="in.novopay.cbs.apis.getDatatypeMasterTest.GetdatatypeMaster_Positive"/>
</testsuite> <!-- in.novopay.cbs.apis.getDatatypeMasterTest.GetdatatypeMaster_Positive -->
