<?xml version="1.0" encoding="UTF-8"?>
<!-- Generated by org.testng.reporters.JUnitReportReporter -->
<testsuite hostname="NRMI-55" name="in.novopay.cbs.apis.getBulkUniqueMasterDataTest.GetBulkUniqueMasterData_Positive" tests="4" failures="0" timestamp="18 Sep 2020 06:52:41 GMT" time="1.392" errors="0">
  <testcase name="getBulkUniqueMasterDataTest" time="0.329" classname="in.novopay.cbs.apis.getBulkUniqueMasterDataTest.GetBulkUniqueMasterData_Positive"/>
  <testcase name="getBulkUniqueMasterDataTest" time="0.335" classname="in.novopay.cbs.apis.getBulkUniqueMasterDataTest.GetBulkUniqueMasterData_Positive"/>
  <testcase name="getBulkUniqueMasterDataTest" time="0.387" classname="in.novopay.cbs.apis.getBulkUniqueMasterDataTest.GetBulkUniqueMasterData_Positive"/>
  <testcase name="getBulkUniqueMasterDataTest" time="0.341" classname="in.novopay.cbs.apis.getBulkUniqueMasterDataTest.GetBulkUniqueMasterData_Positive"/>
</testsuite> <!-- in.novopay.cbs.apis.getBulkUniqueMasterDataTest.GetBulkUniqueMasterData_Positive -->
