<?xml version="1.0" encoding="UTF-8"?>
<!-- Generated by org.testng.reporters.JUnitReportReporter -->
<testsuite hostname="NRMI-55" name="in.novopay.cbs.apis.getcorporatedetails.GetCorporateDetailsTest" tests="7" failures="0" timestamp="18 Sep 2020 06:52:41 GMT" time="2.671" errors="0">
  <testcase name="getCorporateDetailsTest" time="0.423" classname="in.novopay.cbs.apis.getcorporatedetails.GetCorporateDetailsTest"/>
  <testcase name="getCorporateDetailsTest" time="0.452" classname="in.novopay.cbs.apis.getcorporatedetails.GetCorporateDetailsTest"/>
  <testcase name="getCorporateDetailsTest" time="0.364" classname="in.novopay.cbs.apis.getcorporatedetails.GetCorporateDetailsTest"/>
  <testcase name="getCorporateDetailsTest" time="0.300" classname="in.novopay.cbs.apis.getcorporatedetails.GetCorporateDetailsTest"/>
  <testcase name="getCorporateDetailsTest" time="0.328" classname="in.novopay.cbs.apis.getcorporatedetails.GetCorporateDetailsTest"/>
  <testcase name="getCorporateDetailsTest" time="0.492" classname="in.novopay.cbs.apis.getcorporatedetails.GetCorporateDetailsTest"/>
  <testcase name="getCorporateDetailsTest" time="0.312" classname="in.novopay.cbs.apis.getcorporatedetails.GetCorporateDetailsTest"/>
</testsuite> <!-- in.novopay.cbs.apis.getcorporatedetails.GetCorporateDetailsTest -->
