<?xml version="1.0" encoding="UTF-8"?>
<!-- Generated by org.testng.reporters.JUnitReportReporter -->
<testsuite hostname="NRMI-55" name="in.novopay.cbs.apis.getinternalaccountdetails.GetInternalAccountDetailsTest" tests="8" failures="0" timestamp="18 Sep 2020 06:52:41 GMT" time="3.294" errors="0">
  <testcase name="getInternalAccountDetailsTest" time="0.397" classname="in.novopay.cbs.apis.getinternalaccountdetails.GetInternalAccountDetailsTest"/>
  <testcase name="getInternalAccountDetailsTest" time="0.416" classname="in.novopay.cbs.apis.getinternalaccountdetails.GetInternalAccountDetailsTest"/>
  <testcase name="getInternalAccountDetailsTest" time="0.394" classname="in.novopay.cbs.apis.getinternalaccountdetails.GetInternalAccountDetailsTest"/>
  <testcase name="getInternalAccountDetailsTest" time="0.749" classname="in.novopay.cbs.apis.getinternalaccountdetails.GetInternalAccountDetailsTest"/>
  <testcase name="getInternalAccountDetailsTest" time="0.309" classname="in.novopay.cbs.apis.getinternalaccountdetails.GetInternalAccountDetailsTest"/>
  <testcase name="getInternalAccountDetailsTest" time="0.345" classname="in.novopay.cbs.apis.getinternalaccountdetails.GetInternalAccountDetailsTest"/>
  <testcase name="getInternalAccountDetailsTest" time="0.388" classname="in.novopay.cbs.apis.getinternalaccountdetails.GetInternalAccountDetailsTest"/>
  <testcase name="getInternalAccountDetailsTest" time="0.296" classname="in.novopay.cbs.apis.getinternalaccountdetails.GetInternalAccountDetailsTest"/>
</testsuite> <!-- in.novopay.cbs.apis.getinternalaccountdetails.GetInternalAccountDetailsTest -->
