<?xml version="1.0" encoding="UTF-8"?>
<!-- Generated by org.testng.reporters.JUnitReportReporter -->
<testsuite hostname="NRMI-55" name="in.novopay.cbs.apis.gettaxcomponentlist.GetTaxComponentListTest" tests="20" failures="0" timestamp="18 Sep 2020 06:52:41 GMT" time="8.001" errors="0">
  <testcase name="getTaxComponentListTest" time="0.515" classname="in.novopay.cbs.apis.gettaxcomponentlist.GetTaxComponentListTest"/>
  <testcase name="getTaxComponentListTest" time="0.443" classname="in.novopay.cbs.apis.gettaxcomponentlist.GetTaxComponentListTest"/>
  <testcase name="getTaxComponentListTest" time="0.395" classname="in.novopay.cbs.apis.gettaxcomponentlist.GetTaxComponentListTest"/>
  <testcase name="getTaxComponentListTest" time="0.314" classname="in.novopay.cbs.apis.gettaxcomponentlist.GetTaxComponentListTest"/>
  <testcase name="getTaxComponentListTest" time="0.379" classname="in.novopay.cbs.apis.gettaxcomponentlist.GetTaxComponentListTest"/>
  <testcase name="getTaxComponentListTest" time="0.351" classname="in.novopay.cbs.apis.gettaxcomponentlist.GetTaxComponentListTest"/>
  <testcase name="getTaxComponentListTest" time="0.580" classname="in.novopay.cbs.apis.gettaxcomponentlist.GetTaxComponentListTest"/>
  <testcase name="getTaxComponentListTest" time="0.418" classname="in.novopay.cbs.apis.gettaxcomponentlist.GetTaxComponentListTest"/>
  <testcase name="getTaxComponentListTest" time="0.435" classname="in.novopay.cbs.apis.gettaxcomponentlist.GetTaxComponentListTest"/>
  <testcase name="getTaxComponentListTest" time="0.352" classname="in.novopay.cbs.apis.gettaxcomponentlist.GetTaxComponentListTest"/>
  <testcase name="getTaxComponentListTest" time="0.390" classname="in.novopay.cbs.apis.gettaxcomponentlist.GetTaxComponentListTest"/>
  <testcase name="getTaxComponentListTest" time="0.345" classname="in.novopay.cbs.apis.gettaxcomponentlist.GetTaxComponentListTest"/>
  <testcase name="getTaxComponentListTest" time="0.300" classname="in.novopay.cbs.apis.gettaxcomponentlist.GetTaxComponentListTest"/>
  <testcase name="getTaxComponentListTest" time="0.300" classname="in.novopay.cbs.apis.gettaxcomponentlist.GetTaxComponentListTest"/>
  <testcase name="getTaxComponentListTest" time="0.548" classname="in.novopay.cbs.apis.gettaxcomponentlist.GetTaxComponentListTest"/>
  <testcase name="getTaxComponentListTest" time="0.327" classname="in.novopay.cbs.apis.gettaxcomponentlist.GetTaxComponentListTest"/>
  <testcase name="getTaxComponentListTest" time="0.354" classname="in.novopay.cbs.apis.gettaxcomponentlist.GetTaxComponentListTest"/>
  <testcase name="getTaxComponentListTest" time="0.330" classname="in.novopay.cbs.apis.gettaxcomponentlist.GetTaxComponentListTest"/>
  <testcase name="getTaxComponentListTest" time="0.329" classname="in.novopay.cbs.apis.gettaxcomponentlist.GetTaxComponentListTest"/>
  <testcase name="getTaxComponentListTest" time="0.596" classname="in.novopay.cbs.apis.gettaxcomponentlist.GetTaxComponentListTest"/>
</testsuite> <!-- in.novopay.cbs.apis.gettaxcomponentlist.GetTaxComponentListTest -->
