<?xml version="1.0" encoding="UTF-8"?>
<!-- Generated by org.testng.reporters.JUnitReportReporter -->
<testsuite hostname="NRMI-55" name="in.novopay.cbs.apis.getcorporatelist.GetCorporateListTest" tests="15" failures="0" timestamp="18 Sep 2020 06:52:41 GMT" time="6.578" errors="0">
  <testcase name="getCorporateListTest" time="0.422" classname="in.novopay.cbs.apis.getcorporatelist.GetCorporateListTest"/>
  <testcase name="getCorporateListTest" time="0.552" classname="in.novopay.cbs.apis.getcorporatelist.GetCorporateListTest"/>
  <testcase name="getCorporateListTest" time="0.504" classname="in.novopay.cbs.apis.getcorporatelist.GetCorporateListTest"/>
  <testcase name="getCorporateListTest" time="0.377" classname="in.novopay.cbs.apis.getcorporatelist.GetCorporateListTest"/>
  <testcase name="getCorporateListTest" time="0.346" classname="in.novopay.cbs.apis.getcorporatelist.GetCorporateListTest"/>
  <testcase name="getCorporateListTest" time="0.287" classname="in.novopay.cbs.apis.getcorporatelist.GetCorporateListTest"/>
  <testcase name="getCorporateListTest" time="0.770" classname="in.novopay.cbs.apis.getcorporatelist.GetCorporateListTest"/>
  <testcase name="getCorporateListTest" time="0.435" classname="in.novopay.cbs.apis.getcorporatelist.GetCorporateListTest"/>
  <testcase name="getCorporateListTest" time="0.336" classname="in.novopay.cbs.apis.getcorporatelist.GetCorporateListTest"/>
  <testcase name="getCorporateListTest" time="0.329" classname="in.novopay.cbs.apis.getcorporatelist.GetCorporateListTest"/>
  <testcase name="getCorporateListTest" time="0.432" classname="in.novopay.cbs.apis.getcorporatelist.GetCorporateListTest"/>
  <testcase name="getCorporateListTest" time="0.644" classname="in.novopay.cbs.apis.getcorporatelist.GetCorporateListTest"/>
  <testcase name="getCorporateListTest" time="0.325" classname="in.novopay.cbs.apis.getcorporatelist.GetCorporateListTest"/>
  <testcase name="getCorporateListTest" time="0.497" classname="in.novopay.cbs.apis.getcorporatelist.GetCorporateListTest"/>
  <testcase name="getCorporateListTest" time="0.322" classname="in.novopay.cbs.apis.getcorporatelist.GetCorporateListTest"/>
</testsuite> <!-- in.novopay.cbs.apis.getcorporatelist.GetCorporateListTest -->
