<?xml version="1.0" encoding="UTF-8"?>
<!-- Generated by org.testng.reporters.JUnitReportReporter -->
<testsuite hostname="NRMI-55" name="in.novopay.cbs.apis.generateOTPTest.GenerateOTP_Positive" tests="1" failures="0" timestamp="18 Sep 2020 06:52:41 GMT" time="0.514" errors="0">
  <testcase name="generateOTPTest" time="0.514" classname="in.novopay.cbs.apis.generateOTPTest.GenerateOTP_Positive"/>
</testsuite> <!-- in.novopay.cbs.apis.generateOTPTest.GenerateOTP_Positive -->
