<?xml version="1.0" encoding="UTF-8"?>
<!-- Generated by org.testng.reporters.JUnitReportReporter -->
<testsuite hostname="NRMI-55" name="in.novopay.cbs.apis.createorupdatepricemaster.CreateOrUpdatePriceMasterTest" tests="32" failures="0" timestamp="18 Sep 2020 06:52:41 GMT" time="16.321" errors="0">
  <testcase name="createOrUpdatePriceMasterTest" time="0.652" classname="in.novopay.cbs.apis.createorupdatepricemaster.CreateOrUpdatePriceMasterTest"/>
  <testcase name="createOrUpdatePriceMasterTest" time="0.402" classname="in.novopay.cbs.apis.createorupdatepricemaster.CreateOrUpdatePriceMasterTest"/>
  <testcase name="createOrUpdatePriceMasterTest" time="0.674" classname="in.novopay.cbs.apis.createorupdatepricemaster.CreateOrUpdatePriceMasterTest"/>
  <testcase name="createOrUpdatePriceMasterTest" time="0.397" classname="in.novopay.cbs.apis.createorupdatepricemaster.CreateOrUpdatePriceMasterTest"/>
  <testcase name="createOrUpdatePriceMasterTest" time="0.491" classname="in.novopay.cbs.apis.createorupdatepricemaster.CreateOrUpdatePriceMasterTest"/>
  <testcase name="createOrUpdatePriceMasterTest" time="0.377" classname="in.novopay.cbs.apis.createorupdatepricemaster.CreateOrUpdatePriceMasterTest"/>
  <testcase name="createOrUpdatePriceMasterTest" time="0.617" classname="in.novopay.cbs.apis.createorupdatepricemaster.CreateOrUpdatePriceMasterTest"/>
  <testcase name="createOrUpdatePriceMasterTest" time="0.317" classname="in.novopay.cbs.apis.createorupdatepricemaster.CreateOrUpdatePriceMasterTest"/>
  <testcase name="createOrUpdatePriceMasterTest" time="0.368" classname="in.novopay.cbs.apis.createorupdatepricemaster.CreateOrUpdatePriceMasterTest"/>
  <testcase name="createOrUpdatePriceMasterTest" time="0.426" classname="in.novopay.cbs.apis.createorupdatepricemaster.CreateOrUpdatePriceMasterTest"/>
  <testcase name="createOrUpdatePriceMasterTest" time="0.350" classname="in.novopay.cbs.apis.createorupdatepricemaster.CreateOrUpdatePriceMasterTest"/>
  <testcase name="createOrUpdatePriceMasterTest" time="1.128" classname="in.novopay.cbs.apis.createorupdatepricemaster.CreateOrUpdatePriceMasterTest"/>
  <testcase name="createOrUpdatePriceMasterTest" time="0.647" classname="in.novopay.cbs.apis.createorupdatepricemaster.CreateOrUpdatePriceMasterTest"/>
  <testcase name="createOrUpdatePriceMasterTest" time="0.373" classname="in.novopay.cbs.apis.createorupdatepricemaster.CreateOrUpdatePriceMasterTest"/>
  <testcase name="createOrUpdatePriceMasterTest" time="1.240" classname="in.novopay.cbs.apis.createorupdatepricemaster.CreateOrUpdatePriceMasterTest"/>
  <testcase name="createOrUpdatePriceMasterTest" time="0.839" classname="in.novopay.cbs.apis.createorupdatepricemaster.CreateOrUpdatePriceMasterTest"/>
  <testcase name="createOrUpdatePriceMasterTest" time="0.370" classname="in.novopay.cbs.apis.createorupdatepricemaster.CreateOrUpdatePriceMasterTest"/>
  <testcase name="createOrUpdatePriceMasterTest" time="0.474" classname="in.novopay.cbs.apis.createorupdatepricemaster.CreateOrUpdatePriceMasterTest"/>
  <testcase name="createOrUpdatePriceMasterTest" time="0.436" classname="in.novopay.cbs.apis.createorupdatepricemaster.CreateOrUpdatePriceMasterTest"/>
  <testcase name="createOrUpdatePriceMasterTest" time="0.461" classname="in.novopay.cbs.apis.createorupdatepricemaster.CreateOrUpdatePriceMasterTest"/>
  <testcase name="createOrUpdatePriceMasterTest" time="0.355" classname="in.novopay.cbs.apis.createorupdatepricemaster.CreateOrUpdatePriceMasterTest"/>
  <testcase name="createOrUpdatePriceMasterTest" time="0.394" classname="in.novopay.cbs.apis.createorupdatepricemaster.CreateOrUpdatePriceMasterTest"/>
  <testcase name="createOrUpdatePriceMasterTest" time="0.345" classname="in.novopay.cbs.apis.createorupdatepricemaster.CreateOrUpdatePriceMasterTest"/>
  <testcase name="createOrUpdatePriceMasterTest" time="0.384" classname="in.novopay.cbs.apis.createorupdatepricemaster.CreateOrUpdatePriceMasterTest"/>
  <testcase name="createOrUpdatePriceMasterTest" time="0.355" classname="in.novopay.cbs.apis.createorupdatepricemaster.CreateOrUpdatePriceMasterTest"/>
  <testcase name="createOrUpdatePriceMasterTest" time="0.422" classname="in.novopay.cbs.apis.createorupdatepricemaster.CreateOrUpdatePriceMasterTest"/>
  <testcase name="createOrUpdatePriceMasterTest" time="0.554" classname="in.novopay.cbs.apis.createorupdatepricemaster.CreateOrUpdatePriceMasterTest"/>
  <testcase name="createOrUpdatePriceMasterTest" time="0.854" classname="in.novopay.cbs.apis.createorupdatepricemaster.CreateOrUpdatePriceMasterTest"/>
  <testcase name="createOrUpdatePriceMasterTest" time="0.425" classname="in.novopay.cbs.apis.createorupdatepricemaster.CreateOrUpdatePriceMasterTest"/>
  <testcase name="createOrUpdatePriceMasterTest" time="0.441" classname="in.novopay.cbs.apis.createorupdatepricemaster.CreateOrUpdatePriceMasterTest"/>
  <testcase name="createOrUpdatePriceMasterTest" time="0.349" classname="in.novopay.cbs.apis.createorupdatepricemaster.CreateOrUpdatePriceMasterTest"/>
  <testcase name="createOrUpdatePriceMasterTest" time="0.404" classname="in.novopay.cbs.apis.createorupdatepricemaster.CreateOrUpdatePriceMasterTest"/>
</testsuite> <!-- in.novopay.cbs.apis.createorupdatepricemaster.CreateOrUpdatePriceMasterTest -->
