<?xml version="1.0" encoding="UTF-8"?>
<!-- Generated by org.testng.reporters.JUnitReportReporter -->
<testsuite hostname="NRMI-55" name="in.novopay.cbs.apis.createorupdaterole.CreateOrUpdateRoleTest" tests="1" failures="0" timestamp="18 Sep 2020 06:52:41 GMT" time="1.565" errors="0">
  <testcase name="createOrUpdateRoleTest" time="1.565" classname="in.novopay.cbs.apis.createorupdaterole.CreateOrUpdateRoleTest"/>
</testsuite> <!-- in.novopay.cbs.apis.createorupdaterole.CreateOrUpdateRoleTest -->
