<?xml version="1.0" encoding="UTF-8"?>
<!-- Generated by org.testng.reporters.JUnitReportReporter -->
<testsuite hostname="NRMI-55" name="in.novopay.cbs.apis.getactionform.GetActionFormTest" tests="2" failures="0" timestamp="1 Oct 2020 09:04:23 GMT" time="3.124" errors="0">
  <testcase name="getActionFormTest" time="0.065" classname="in.novopay.cbs.apis.getactionform.GetActionFormTest"/>
  <testcase name="getActionFormTest" time="3.059" classname="in.novopay.cbs.apis.getactionform.GetActionFormTest"/>
</testsuite> <!-- in.novopay.cbs.apis.getactionform.GetActionFormTest -->
