<?xml version="1.0" encoding="UTF-8"?>
<!-- Generated by org.testng.reporters.JUnitReportReporter -->
<testsuite hostname="NRMI-55" name="in.novopay.cbs.apis.saveformmetadata.SaveFormMetaDataTest" tests="2" failures="0" timestamp="1 Oct 2020 07:09:32 GMT" time="3.720" errors="0">
  <testcase name="saveFormMetaDataTest" time="0.095" classname="in.novopay.cbs.apis.saveformmetadata.SaveFormMetaDataTest"/>
  <testcase name="saveFormMetaDataTest" time="3.625" classname="in.novopay.cbs.apis.saveformmetadata.SaveFormMetaDataTest"/>
</testsuite> <!-- in.novopay.cbs.apis.saveformmetadata.SaveFormMetaDataTest -->
