<?xml version="1.0" encoding="UTF-8"?>
<!-- Generated by org.testng.reporters.JUnitReportReporter -->
<testsuite hostname="NRMI-55" name="in.novopay.cbs.apis.getBranchListTest.GetBranchList_Positive" tests="6" failures="0" timestamp="18 Sep 2020 06:52:41 GMT" time="2.100" errors="0">
  <testcase name="getBranchListTest" time="0.344" classname="in.novopay.cbs.apis.getBranchListTest.GetBranchList_Positive"/>
  <testcase name="getBranchListTest" time="0.372" classname="in.novopay.cbs.apis.getBranchListTest.GetBranchList_Positive"/>
  <testcase name="getBranchListTest" time="0.336" classname="in.novopay.cbs.apis.getBranchListTest.GetBranchList_Positive"/>
  <testcase name="getBranchListTest" time="0.330" classname="in.novopay.cbs.apis.getBranchListTest.GetBranchList_Positive"/>
  <testcase name="getBranchListTest" time="0.365" classname="in.novopay.cbs.apis.getBranchListTest.GetBranchList_Positive"/>
  <testcase name="getBranchListTest" time="0.353" classname="in.novopay.cbs.apis.getBranchListTest.GetBranchList_Positive"/>
</testsuite> <!-- in.novopay.cbs.apis.getBranchListTest.GetBranchList_Positive -->
