<?xml version="1.0" encoding="UTF-8"?>
<!-- Generated by org.testng.reporters.JUnitReportReporter -->
<testsuite hostname="NRMI-55" name="in.novopay.cbs.apis.getPriceSetupList.GetPriceSetupList_Positive" tests="20" failures="0" timestamp="18 Sep 2020 06:52:41 GMT" time="7.011" errors="0">
  <testcase name="getPriceSetupListTest" time="0.365" classname="in.novopay.cbs.apis.getPriceSetupList.GetPriceSetupList_Positive"/>
  <testcase name="getPriceSetupListTest" time="0.371" classname="in.novopay.cbs.apis.getPriceSetupList.GetPriceSetupList_Positive"/>
  <testcase name="getPriceSetupListTest" time="0.354" classname="in.novopay.cbs.apis.getPriceSetupList.GetPriceSetupList_Positive"/>
  <testcase name="getPriceSetupListTest" time="0.343" classname="in.novopay.cbs.apis.getPriceSetupList.GetPriceSetupList_Positive"/>
  <testcase name="getPriceSetupListTest" time="0.324" classname="in.novopay.cbs.apis.getPriceSetupList.GetPriceSetupList_Positive"/>
  <testcase name="getPriceSetupListTest" time="0.336" classname="in.novopay.cbs.apis.getPriceSetupList.GetPriceSetupList_Positive"/>
  <testcase name="getPriceSetupListTest" time="0.389" classname="in.novopay.cbs.apis.getPriceSetupList.GetPriceSetupList_Positive"/>
  <testcase name="getPriceSetupListTest" time="0.372" classname="in.novopay.cbs.apis.getPriceSetupList.GetPriceSetupList_Positive"/>
  <testcase name="getPriceSetupListTest" time="0.368" classname="in.novopay.cbs.apis.getPriceSetupList.GetPriceSetupList_Positive"/>
  <testcase name="getPriceSetupListTest" time="0.370" classname="in.novopay.cbs.apis.getPriceSetupList.GetPriceSetupList_Positive"/>
  <testcase name="getPriceSetupListTest" time="0.326" classname="in.novopay.cbs.apis.getPriceSetupList.GetPriceSetupList_Positive"/>
  <testcase name="getPriceSetupListTest" time="0.358" classname="in.novopay.cbs.apis.getPriceSetupList.GetPriceSetupList_Positive"/>
  <testcase name="getPriceSetupListTest" time="0.363" classname="in.novopay.cbs.apis.getPriceSetupList.GetPriceSetupList_Positive"/>
  <testcase name="getPriceSetupListTest" time="0.350" classname="in.novopay.cbs.apis.getPriceSetupList.GetPriceSetupList_Positive"/>
  <testcase name="getPriceSetupListTest" time="0.339" classname="in.novopay.cbs.apis.getPriceSetupList.GetPriceSetupList_Positive"/>
  <testcase name="getPriceSetupListTest" time="0.340" classname="in.novopay.cbs.apis.getPriceSetupList.GetPriceSetupList_Positive"/>
  <testcase name="getPriceSetupListTest" time="0.339" classname="in.novopay.cbs.apis.getPriceSetupList.GetPriceSetupList_Positive"/>
  <testcase name="getPriceSetupListTest" time="0.343" classname="in.novopay.cbs.apis.getPriceSetupList.GetPriceSetupList_Positive"/>
  <testcase name="getPriceSetupListTest" time="0.330" classname="in.novopay.cbs.apis.getPriceSetupList.GetPriceSetupList_Positive"/>
  <testcase name="getPriceSetupListTest" time="0.331" classname="in.novopay.cbs.apis.getPriceSetupList.GetPriceSetupList_Positive"/>
</testsuite> <!-- in.novopay.cbs.apis.getPriceSetupList.GetPriceSetupList_Positive -->
