<?xml version="1.0" encoding="UTF-8"?>
<!-- Generated by org.testng.reporters.JUnitReportReporter -->
<testsuite hostname="NRMI-55" name="in.novopay.cbs.apis.getinternalaccountdefinitiondetails.GetInternalAccountDefinitionDetails_Positive" tests="8" failures="0" timestamp="18 Sep 2020 06:52:41 GMT" time="2.916" errors="0">
  <testcase name="createOrUpdateGeneralLedgerTest" time="0.613" classname="in.novopay.cbs.apis.getinternalaccountdefinitiondetails.GetInternalAccountDefinitionDetails_Positive"/>
  <testcase name="createOrUpdateGeneralLedgerTest" time="0.358" classname="in.novopay.cbs.apis.getinternalaccountdefinitiondetails.GetInternalAccountDefinitionDetails_Positive"/>
  <testcase name="createOrUpdateGeneralLedgerTest" time="0.283" classname="in.novopay.cbs.apis.getinternalaccountdefinitiondetails.GetInternalAccountDefinitionDetails_Positive"/>
  <testcase name="createOrUpdateGeneralLedgerTest" time="0.335" classname="in.novopay.cbs.apis.getinternalaccountdefinitiondetails.GetInternalAccountDefinitionDetails_Positive"/>
  <testcase name="createOrUpdateGeneralLedgerTest" time="0.367" classname="in.novopay.cbs.apis.getinternalaccountdefinitiondetails.GetInternalAccountDefinitionDetails_Positive"/>
  <testcase name="createOrUpdateGeneralLedgerTest" time="0.307" classname="in.novopay.cbs.apis.getinternalaccountdefinitiondetails.GetInternalAccountDefinitionDetails_Positive"/>
  <testcase name="createOrUpdateGeneralLedgerTest" time="0.347" classname="in.novopay.cbs.apis.getinternalaccountdefinitiondetails.GetInternalAccountDefinitionDetails_Positive"/>
  <testcase name="createOrUpdateGeneralLedgerTest" time="0.306" classname="in.novopay.cbs.apis.getinternalaccountdefinitiondetails.GetInternalAccountDefinitionDetails_Positive"/>
</testsuite> <!-- in.novopay.cbs.apis.getinternalaccountdefinitiondetails.GetInternalAccountDefinitionDetails_Positive -->
