<?xml version="1.0" encoding="UTF-8"?>
<!-- Generated by org.testng.reporters.JUnitReportReporter -->
<testsuite hostname="NRMI-55" name="in.novopay.cbs.apis.getBulkDatatypeMaster.GetBulkDatatypeMaster_Positive" tests="3" failures="0" timestamp="18 Sep 2020 06:52:41 GMT" time="1.054" errors="0">
  <testcase name="getBulkDatatypeMasterTest" time="0.333" classname="in.novopay.cbs.apis.getBulkDatatypeMaster.GetBulkDatatypeMaster_Positive"/>
  <testcase name="getBulkDatatypeMasterTest" time="0.362" classname="in.novopay.cbs.apis.getBulkDatatypeMaster.GetBulkDatatypeMaster_Positive"/>
  <testcase name="getBulkDatatypeMasterTest" time="0.359" classname="in.novopay.cbs.apis.getBulkDatatypeMaster.GetBulkDatatypeMaster_Positive"/>
</testsuite> <!-- in.novopay.cbs.apis.getBulkDatatypeMaster.GetBulkDatatypeMaster_Positive -->
