<?xml version="1.0" encoding="UTF-8"?>
<!-- Generated by org.testng.reporters.JUnitReportReporter -->
<testsuite hostname="NRMI-55" name="in.novopay.cbs.apis.login.LoginTest" tests="1" failures="0" timestamp="18 Sep 2020 06:52:41 GMT" time="1.353" errors="0">
  <testcase name="loginTest" time="1.353" classname="in.novopay.cbs.apis.login.LoginTest"/>
</testsuite> <!-- in.novopay.cbs.apis.login.LoginTest -->
